0 info it worked if it ends with ok
1 verbose cli [ '/usr/local/bin/node',
1 verbose cli   '/usr/local/lib/node_modules/cnpm/node_modules/.bin/npm',
1 verbose cli   '--userconfig=/Users/apple/.cnpmrc',
1 verbose cli   '--disturl=https://npm.taobao.org/mirrors/node',
1 verbose cli   '--registry=https://registry.npm.taobao.org',
1 verbose cli   'uninstall',
1 verbose cli   'less-loader' ]
2 info using npm@3.10.10
3 info using node@v11.6.0
4 silly loadCurrentTree Starting
5 silly install loadCurrentTree
6 silly install readLocalPackageData
7 silly install normalizeTree
8 silly loadCurrentTree Finishing
9 silly loadIdealTree Starting
10 silly install loadIdealTree
11 silly cloneCurrentTree Starting
12 silly install cloneCurrentTreeToIdealTree
13 silly cloneCurrentTree Finishing
14 silly loadShrinkwrap Starting
15 silly install loadShrinkwrap
16 silly loadShrinkwrap Finishing
17 silly loadAllDepsIntoIdealTree Starting
18 silly uninstall loadAllDepsIntoIdealtree
19 verbose stack Error: Unsupported URL Type: npm:vue-loader@^16.1.0
19 verbose stack     at parseUrl (/usr/local/lib/node_modules/cnpm/node_modules/npm/node_modules/npm-package-arg/npa.js:186:13)
19 verbose stack     at npa (/usr/local/lib/node_modules/cnpm/node_modules/npm/node_modules/npm-package-arg/npa.js:79:12)
19 verbose stack     at doesChildVersionMatch (/usr/local/lib/node_modules/cnpm/node_modules/npm/lib/install/deps.js:81:21)
19 verbose stack     at /usr/local/lib/node_modules/cnpm/node_modules/npm/lib/install/deps.js:51:10
19 verbose stack     at /usr/local/lib/node_modules/cnpm/node_modules/npm/lib/install/deps.js:107:5
19 verbose stack     at zalgoSafe (/usr/local/lib/node_modules/cnpm/node_modules/npm/node_modules/dezalgo/dezalgo.js:20:10)
19 verbose stack     at finalize (/usr/local/lib/node_modules/cnpm/node_modules/npm/node_modules/realize-package-specifier/index.js:39:5)
19 verbose stack     at /usr/local/lib/node_modules/cnpm/node_modules/npm/node_modules/realize-package-specifier/index.js:22:20
19 verbose stack     at /usr/local/lib/node_modules/cnpm/node_modules/npm/node_modules/graceful-fs/polyfills.js:264:29
19 verbose stack     at FSReqCallback.oncomplete (fs.js:160:21)
20 verbose cwd /Users/apple/Desktop/卿迪/学习/blog/qd_blog_web
21 error Darwin 16.3.0
22 error argv "/usr/local/bin/node" "/usr/local/lib/node_modules/cnpm/node_modules/.bin/npm" "--userconfig=/Users/apple/.cnpmrc" "--disturl=https://npm.taobao.org/mirrors/node" "--registry=https://registry.npm.taobao.org" "uninstall" "less-loader"
23 error node v11.6.0
24 error npm  v3.10.10
25 error Unsupported URL Type: npm:vue-loader@^16.1.0
26 error If you need help, you may report this error at:
26 error     <https://github.com/npm/npm/issues>
27 verbose exit [ 1, true ]
