Arguments: 
  /usr/local/bin/node /usr/local/bin/yarn add style-resources-loader vue-cli-plugin-style-resources-loader -D

PATH: 
  /usr/local/sbin:/usr/local/bin:/Library/Java/JavaVirtualMachines/jdk1.8.0_281.jdk/Contents/Home/bin:/usr/local/bin:/usr/bin:/bin:/usr/sbin:/sbin:/usr/local/sbin:/Library/Java/JavaVirtualMachines/jdk1.8.0_281.jdk/Contents/Home/bin:.:/Users/apple/Documents/apache-maven-3.6.3/bin:.:/Users/apple/Documents/apache-maven-3.6.3/bin

Yarn version: 
  1.16.0

Node version: 
  11.6.0

Platform: 
  darwin x64

Trace: 
  Error: ENOENT: no such file or directory, copyfile '/Users/apple/Library/Caches/Yarn/v4/npm-supports-color-2.0.0-535d045ce6b6363fa40117084629995e9df324c7/node_modules/supports-color/index.js' -> '/Users/apple/Desktop/卿迪/学习/blog/qd_blog_web/node_modules/babel-code-frame/node_modules/supports-color/index.js'

npm manifest: 
  {
    "name": "qd_blog_web",
    "version": "0.1.0",
    "private": true,
    "scripts": {
      "serve": "vue-cli-service serve",
      "build": "vue-cli-service build",
      "lint": "vue-cli-service lint"
    },
    "dependencies": {
      "animate.css": "^4.1.1",
      "core-js": "^3.6.5",
      "less": "^4.1.1",
      "less-loader": "^8.0.0",
      "vue": "^2.6.11",
      "vue-router": "^3.5.1",
      "vuex": "^3.6.2"
    },
    "devDependencies": {
      "@vue/cli-plugin-babel": "~4.5.0",
      "@vue/cli-plugin-eslint": "~4.5.0",
      "@vue/cli-service": "~4.5.0",
      "babel-eslint": "^10.1.0",
      "eslint": "^6.7.2",
      "eslint-plugin-vue": "^6.2.2",
      "vue-svg-icon": "^1.2.9",
      "vue-template-compiler": "^2.6.11"
    },
    "eslintConfig": {
      "root": true,
      "env": {
        "node": true
      },
      "extends": [
        "plugin:vue/essential",
        "eslint:recommended"
      ],
      "parserOptions": {
        "parser": "babel-eslint"
      },
      "rules": {
        "no-debugger": "off",
        "no-console": "off"
      }
    },
    "browserslist": [
      "> 1%",
      "last 2 versions",
      "not dead"
    ]
  }

yarn manifest: 
  No manifest

Lockfile: 
  No lockfile
